빌드 시작: 2016-04-04 오전 8:50:27
     1>2 노드의 "E:\Dropbox\한빛 업무 문서\진행 원고\20. 알고리즘 퍼즐북\09_예제\16\code16_4\code16_4.vcxproj" 프로젝트(Build 대상)입니다.
     1>ClCompile:
         C:\Program Files (x86)\Microsoft Visual Studio 12.0\VC\bin\CL.exe /c /ZI /nologo /W3 /WX- /Od /Oy- /D WIN32 /D _DEBUG /D _CONSOLE /D _LIB /D _UNICODE /D UNICODE /Gm /EHsc /RTC1 /MDd /GS /fp:precise /Zc:wchar_t /Zc:forScope /Fo"Debug\\" /Fd"Debug\vc120.pdb" /Gd /TC /analyze- /errorReport:prompt code16_4.c
         code16_4.c
     1>e:\dropbox\한빛 업무 문서\진행 원고\20. 알고리즘 퍼즐북\09_예제\16\code16_4\code16_4.c(24): warning C4996: 'freopen': This function or variable may be unsafe. Consider using freopen_s instead. To disable deprecation, use _CRT_SECURE_NO_WARNINGS. See online help for details.
                 c:\program files (x86)\microsoft visual studio 12.0\vc\include\stdio.h(226) : 'freopen' 선언을 참조하십시오.
     1>e:\dropbox\한빛 업무 문서\진행 원고\20. 알고리즘 퍼즐북\09_예제\16\code16_4\code16_4.c(25): warning C4996: 'setbuf': This function or variable may be unsafe. Consider using setvbuf instead. To disable deprecation, use _CRT_SECURE_NO_WARNINGS. See online help for details.
                 c:\program files (x86)\microsoft visual studio 12.0\vc\include\stdio.h(292) : 'setbuf' 선언을 참조하십시오.
     1>e:\dropbox\한빛 업무 문서\진행 원고\20. 알고리즘 퍼즐북\09_예제\16\code16_4\code16_4.c(26): warning C4996: 'scanf': This function or variable may be unsafe. Consider using scanf_s instead. To disable deprecation, use _CRT_SECURE_NO_WARNINGS. See online help for details.
                 c:\program files (x86)\microsoft visual studio 12.0\vc\include\stdio.h(283) : 'scanf' 선언을 참조하십시오.
     1>e:\dropbox\한빛 업무 문서\진행 원고\20. 알고리즘 퍼즐북\09_예제\16\code16_4\code16_4.c(33): warning C4996: 'scanf': This function or variable may be unsafe. Consider using scanf_s instead. To disable deprecation, use _CRT_SECURE_NO_WARNINGS. See online help for details.
                 c:\program files (x86)\microsoft visual studio 12.0\vc\include\stdio.h(283) : 'scanf' 선언을 참조하십시오.
     1>e:\dropbox\한빛 업무 문서\진행 원고\20. 알고리즘 퍼즐북\09_예제\16\code16_4\code16_4.c(34): warning C4996: 'scanf': This function or variable may be unsafe. Consider using scanf_s instead. To disable deprecation, use _CRT_SECURE_NO_WARNINGS. See online help for details.
                 c:\program files (x86)\microsoft visual studio 12.0\vc\include\stdio.h(283) : 'scanf' 선언을 참조하십시오.
     1>e:\dropbox\한빛 업무 문서\진행 원고\20. 알고리즘 퍼즐북\09_예제\16\code16_4\code16_4.c(36): warning C4996: 'scanf': This function or variable may be unsafe. Consider using scanf_s instead. To disable deprecation, use _CRT_SECURE_NO_WARNINGS. See online help for details.
                 c:\program files (x86)\microsoft visual studio 12.0\vc\include\stdio.h(283) : 'scanf' 선언을 참조하십시오.
     1>e:\dropbox\한빛 업무 문서\진행 원고\20. 알고리즘 퍼즐북\09_예제\16\code16_4\code16_4.c(37): warning C4996: 'scanf': This function or variable may be unsafe. Consider using scanf_s instead. To disable deprecation, use _CRT_SECURE_NO_WARNINGS. See online help for details.
                 c:\program files (x86)\microsoft visual studio 12.0\vc\include\stdio.h(283) : 'scanf' 선언을 참조하십시오.
     1>e:\dropbox\한빛 업무 문서\진행 원고\20. 알고리즘 퍼즐북\09_예제\16\code16_4\code16_4.c(38): warning C4996: 'scanf': This function or variable may be unsafe. Consider using scanf_s instead. To disable deprecation, use _CRT_SECURE_NO_WARNINGS. See online help for details.
                 c:\program files (x86)\microsoft visual studio 12.0\vc\include\stdio.h(283) : 'scanf' 선언을 참조하십시오.
     1>e:\dropbox\한빛 업무 문서\진행 원고\20. 알고리즘 퍼즐북\09_예제\16\code16_4\code16_4.c(39): warning C4996: 'scanf': This function or variable may be unsafe. Consider using scanf_s instead. To disable deprecation, use _CRT_SECURE_NO_WARNINGS. See online help for details.
                 c:\program files (x86)\microsoft visual studio 12.0\vc\include\stdio.h(283) : 'scanf' 선언을 참조하십시오.
       Link:
         C:\Program Files (x86)\Microsoft Visual Studio 12.0\VC\bin\link.exe /ERRORREPORT:PROMPT /OUT:"E:\Dropbox\한빛 업무 문서\진행 원고\20. 알고리즘 퍼즐북\09_예제\16\code16_4\Debug\code16_4.exe" /INCREMENTAL /NOLOGO kernel32.lib user32.lib gdi32.lib winspool.lib comdlg32.lib advapi32.lib shell32.lib ole32.lib oleaut32.lib uuid.lib odbc32.lib odbccp32.lib /MANIFEST /MANIFESTUAC:"level='asInvoker' uiAccess='false'" /manifest:embed /DEBUG /PDB:"E:\Dropbox\한빛 업무 문서\진행 원고\20. 알고리즘 퍼즐북\09_예제\16\code16_4\Debug\code16_4.pdb" /SUBSYSTEM:CONSOLE /TLBID:1 /DYNAMICBASE /NXCOMPAT /IMPLIB:"E:\Dropbox\한빛 업무 문서\진행 원고\20. 알고리즘 퍼즐북\09_예제\16\code16_4\Debug\code16_4.lib" /MACHINE:X86 Debug\code16_4.obj
         code16_4.vcxproj -> E:\Dropbox\한빛 업무 문서\진행 원고\20. 알고리즘 퍼즐북\09_예제\16\code16_4\Debug\code16_4.exe
     1>"E:\Dropbox\한빛 업무 문서\진행 원고\20. 알고리즘 퍼즐북\09_예제\16\code16_4\code16_4.vcxproj" 프로젝트를 빌드했습니다(Build 대상).

빌드했습니다.

경과 시간: 00:00:00.63
